# Logfile created on 2022-02-09 22:26:26 -0600 by logger.rb/v1.4.3
[02/09/22 22:26:26 -0600 Jatins-MacBook-Pro.local (2661)] INFO : No configuration file loaded, and no configuration found in ENV. For assistance configuring Scout, visit https://docs.scoutapm.com/#ruby-configuration-options
[02/09/22 22:26:26 -0600 Jatins-MacBook-Pro.local (2661)] INFO : Scout Agent [4.1.2] Initialized
[02/09/22 22:26:26 -0600 Jatins-MacBook-Pro.local (2661)] INFO : Not Loading Instruments
[02/09/22 22:26:26 -0600 Jatins-MacBook-Pro.local (2661)] INFO : Scout Agent [4.1.2] Installed
[02/09/22 22:26:26 -0600 Jatins-MacBook-Pro.local (2661)] INFO : Monitoring isn't enabled for the [development] environment.
[02/09/22 22:26:26 -0600 Jatins-MacBook-Pro.local (2661)] INFO : Deferring agent start. Standing by for first request
[02/09/22 22:26:41 -0600 Jatins-MacBook-Pro.local (2688)] INFO : No configuration file loaded, and no configuration found in ENV. For assistance configuring Scout, visit https://docs.scoutapm.com/#ruby-configuration-options
[02/09/22 22:26:41 -0600 Jatins-MacBook-Pro.local (2688)] INFO : Scout Agent [4.1.2] Initialized
[02/09/22 22:26:41 -0600 Jatins-MacBook-Pro.local (2688)] INFO : Not Loading Instruments
[02/09/22 22:26:41 -0600 Jatins-MacBook-Pro.local (2688)] INFO : Scout Agent [4.1.2] Installed
[02/09/22 22:26:41 -0600 Jatins-MacBook-Pro.local (2688)] INFO : Monitoring isn't enabled for the [development] environment.
[02/09/22 22:26:41 -0600 Jatins-MacBook-Pro.local (2688)] INFO : Deferring agent start. Standing by for first request
[02/09/22 22:26:54 -0600 Jatins-MacBook-Pro.local (2725)] INFO : No configuration file loaded, and no configuration found in ENV. For assistance configuring Scout, visit https://docs.scoutapm.com/#ruby-configuration-options
[02/09/22 22:26:54 -0600 Jatins-MacBook-Pro.local (2725)] INFO : Scout Agent [4.1.2] Initialized
[02/09/22 22:26:54 -0600 Jatins-MacBook-Pro.local (2725)] INFO : Not Loading Instruments
[02/09/22 22:26:54 -0600 Jatins-MacBook-Pro.local (2725)] INFO : Scout Agent [4.1.2] Installed
[02/09/22 22:26:54 -0600 Jatins-MacBook-Pro.local (2725)] INFO : Monitoring isn't enabled for the [development] environment.
[02/09/22 22:26:54 -0600 Jatins-MacBook-Pro.local (2725)] INFO : Deferring agent start. Standing by for first request
[02/09/22 22:26:55 -0600 Jatins-MacBook-Pro.local (2727)] INFO : No configuration file loaded, and no configuration found in ENV. For assistance configuring Scout, visit https://docs.scoutapm.com/#ruby-configuration-options
[02/09/22 22:26:55 -0600 Jatins-MacBook-Pro.local (2727)] INFO : Scout Agent [4.1.2] Initialized
[02/09/22 22:26:55 -0600 Jatins-MacBook-Pro.local (2727)] INFO : Not Loading Instruments
[02/09/22 22:26:55 -0600 Jatins-MacBook-Pro.local (2727)] INFO : Scout Agent [4.1.2] Installed
[02/09/22 22:26:55 -0600 Jatins-MacBook-Pro.local (2727)] INFO : Monitoring isn't enabled for the [development] environment.
[02/09/22 22:54:50 -0600 Jatins-MacBook-Pro.local (4322)] INFO : No configuration file loaded, and no configuration found in ENV. For assistance configuring Scout, visit https://docs.scoutapm.com/#ruby-configuration-options
[02/09/22 22:54:50 -0600 Jatins-MacBook-Pro.local (4322)] INFO : Scout Agent [4.1.2] Initialized
[02/09/22 22:54:50 -0600 Jatins-MacBook-Pro.local (4322)] INFO : Not Loading Instruments
[02/09/22 22:54:50 -0600 Jatins-MacBook-Pro.local (4322)] INFO : Scout Agent [4.1.2] Installed
[02/09/22 22:54:50 -0600 Jatins-MacBook-Pro.local (4322)] INFO : Monitoring isn't enabled for the [development] environment.
[02/09/22 22:54:50 -0600 Jatins-MacBook-Pro.local (4322)] INFO : Deferring agent start. Standing by for first request
[02/09/22 22:54:51 -0600 Jatins-MacBook-Pro.local (4324)] INFO : No configuration file loaded, and no configuration found in ENV. For assistance configuring Scout, visit https://docs.scoutapm.com/#ruby-configuration-options
[02/09/22 22:54:51 -0600 Jatins-MacBook-Pro.local (4324)] INFO : Scout Agent [4.1.2] Initialized
[02/09/22 22:54:51 -0600 Jatins-MacBook-Pro.local (4324)] INFO : Not Loading Instruments
[02/09/22 22:54:51 -0600 Jatins-MacBook-Pro.local (4324)] INFO : Scout Agent [4.1.2] Installed
[02/09/22 22:54:51 -0600 Jatins-MacBook-Pro.local (4324)] INFO : Monitoring isn't enabled for the [development] environment.
[02/10/22 13:18:05 -0600 Jatins-MacBook-Pro.local (13760)] INFO : No configuration file loaded, and no configuration found in ENV. For assistance configuring Scout, visit https://docs.scoutapm.com/#ruby-configuration-options
[02/10/22 13:18:05 -0600 Jatins-MacBook-Pro.local (13760)] INFO : Scout Agent [4.1.2] Initialized
[02/10/22 13:18:05 -0600 Jatins-MacBook-Pro.local (13760)] INFO : Not Loading Instruments
[02/10/22 13:18:05 -0600 Jatins-MacBook-Pro.local (13760)] INFO : Scout Agent [4.1.2] Installed
[02/10/22 13:18:05 -0600 Jatins-MacBook-Pro.local (13760)] INFO : Monitoring isn't enabled for the [development] environment.
[02/10/22 13:18:05 -0600 Jatins-MacBook-Pro.local (13760)] INFO : Deferring agent start. Standing by for first request
[02/10/22 13:18:05 -0600 Jatins-MacBook-Pro.local (13762)] INFO : No configuration file loaded, and no configuration found in ENV. For assistance configuring Scout, visit https://docs.scoutapm.com/#ruby-configuration-options
[02/10/22 13:18:05 -0600 Jatins-MacBook-Pro.local (13762)] INFO : Scout Agent [4.1.2] Initialized
[02/10/22 13:18:05 -0600 Jatins-MacBook-Pro.local (13762)] INFO : Not Loading Instruments
[02/10/22 13:18:05 -0600 Jatins-MacBook-Pro.local (13762)] INFO : Scout Agent [4.1.2] Installed
[02/10/22 13:18:05 -0600 Jatins-MacBook-Pro.local (13762)] INFO : Monitoring isn't enabled for the [development] environment.
[02/10/22 13:54:24 -0600 Jatins-MacBook-Pro.local (14588)] INFO : No configuration file loaded, and no configuration found in ENV. For assistance configuring Scout, visit https://docs.scoutapm.com/#ruby-configuration-options
[02/10/22 13:54:24 -0600 Jatins-MacBook-Pro.local (14588)] INFO : Scout Agent [4.1.2] Initialized
[02/10/22 13:54:24 -0600 Jatins-MacBook-Pro.local (14588)] INFO : Not Loading Instruments
[02/10/22 13:54:24 -0600 Jatins-MacBook-Pro.local (14588)] INFO : Scout Agent [4.1.2] Installed
[02/10/22 13:54:24 -0600 Jatins-MacBook-Pro.local (14588)] INFO : Monitoring isn't enabled for the [development] environment.
[02/10/22 13:54:24 -0600 Jatins-MacBook-Pro.local (14588)] INFO : Deferring agent start. Standing by for first request
[02/10/22 13:54:32 -0600 Jatins-MacBook-Pro.local (14609)] INFO : No configuration file loaded, and no configuration found in ENV. For assistance configuring Scout, visit https://docs.scoutapm.com/#ruby-configuration-options
[02/10/22 13:54:32 -0600 Jatins-MacBook-Pro.local (14609)] INFO : Scout Agent [4.1.2] Initialized
[02/10/22 13:54:32 -0600 Jatins-MacBook-Pro.local (14609)] INFO : Not Loading Instruments
[02/10/22 13:54:32 -0600 Jatins-MacBook-Pro.local (14609)] INFO : Scout Agent [4.1.2] Installed
[02/10/22 13:54:32 -0600 Jatins-MacBook-Pro.local (14609)] INFO : Monitoring isn't enabled for the [development] environment.
[02/10/22 13:54:32 -0600 Jatins-MacBook-Pro.local (14609)] INFO : Deferring agent start. Standing by for first request
[02/10/22 14:19:52 -0600 Jatins-MacBook-Pro.local (15029)] INFO : No configuration file loaded, and no configuration found in ENV. For assistance configuring Scout, visit https://docs.scoutapm.com/#ruby-configuration-options
[02/10/22 14:19:52 -0600 Jatins-MacBook-Pro.local (15029)] INFO : Scout Agent [4.1.2] Initialized
[02/10/22 14:19:52 -0600 Jatins-MacBook-Pro.local (15029)] INFO : Not Loading Instruments
[02/10/22 14:19:52 -0600 Jatins-MacBook-Pro.local (15029)] INFO : Scout Agent [4.1.2] Installed
[02/10/22 14:19:52 -0600 Jatins-MacBook-Pro.local (15029)] INFO : Monitoring isn't enabled for the [development] environment.
[02/10/22 14:19:52 -0600 Jatins-MacBook-Pro.local (15029)] INFO : Deferring agent start. Standing by for first request
[02/10/22 14:19:53 -0600 Jatins-MacBook-Pro.local (15033)] INFO : No configuration file loaded, and no configuration found in ENV. For assistance configuring Scout, visit https://docs.scoutapm.com/#ruby-configuration-options
[02/10/22 14:19:53 -0600 Jatins-MacBook-Pro.local (15033)] INFO : Scout Agent [4.1.2] Initialized
[02/10/22 14:19:53 -0600 Jatins-MacBook-Pro.local (15033)] INFO : Not Loading Instruments
[02/10/22 14:19:53 -0600 Jatins-MacBook-Pro.local (15033)] INFO : Scout Agent [4.1.2] Installed
[02/10/22 14:19:53 -0600 Jatins-MacBook-Pro.local (15033)] INFO : Monitoring isn't enabled for the [development] environment.
